warning.js:33 Warning: Failed prop type: Footer: prop type `children` is invalid; it must be a function, usually from the `prop-types` package, but received `undefined`.
    in Footer (created by Footer)
    in Footer (created by Relay(Footer))
    in Relay(Footer) (created by withRouter(Relay(Footer)))
    in withRouter(Relay(Footer)) (created by MainLayout)
    in div (created by MainLayout)
    in div (created by MainLayout)
    in div (created by MainLayout)
    in div (created by MainLayout)
    in MainLayout (created by Relay(MainLayout))
    in Relay(MainLayout) (created by Connect(Relay(MainLayout)))
    in Connect(Relay(MainLayout)) (created by RouteContainer)
    in StaticContainer (created by RouteContainer)
    in RouteContainer (created by RouterContext)
    in RouterContext (created by Router)
    in RelayStaticContainer (created by RelayReadyStateRenderer)
    in RelayReadyStateRenderer (created by IsomorphicRenderer)
    in IsomorphicRenderer (created by IsomorphicRelayRouterContext)
    in IsomorphicRelayRouterContext (created by Router)
    in Router (created by Application)
    in Provider (created by Application)
    in Application (created by RootI13nApplication)
    in RootI13nApplication
