warning.js:33 Warning: React does not recognize the `buttonRole` prop on a DOM element. If you intentionally want it to appear in the DOM as a custom attribute, spell it as lowercase `buttonrole` instead. If you accidentally passed it from a parent component, remove it from the DOM element.
    in a (created by Link)
    in Link (created by Button)
    in Button (created by NavigationLayout)
    in div (created by NavigationLayout)
    in div (created by NavigationLayout)
    in div (created by NavigationLayout)
    in div (created by NavigationLayout)
    in NavigationLayout (created by Relay(NavigationLayout))
    in Relay(NavigationLayout) (created by Connect(Relay(NavigationLayout)))
    in Connect(Relay(NavigationLayout)) (created by I13nConnect(Relay(NavigationLayout)))
    in I13nConnect(Relay(NavigationLayout)) (created by MainLayout)
    in div (created by StickyScroller)
    in StickyScroller (created by MainLayout)
    in div (created by MainLayout)
    in MainLayout (created by Relay(MainLayout))
    in Relay(MainLayout) (created by Connect(Relay(MainLayout)))
    in Connect(Relay(MainLayout)) (created by RouteContainer)
    in StaticContainer (created by RouteContainer)
    in RouteContainer (created by RouterContext)
    in RouterContext (created by Router)
    in RelayStaticContainer (created by RelayReadyStateRenderer)
    in RelayReadyStateRenderer (created by IsomorphicRenderer)
    in IsomorphicRenderer (created by IsomorphicRelayRouterContext)
    in IsomorphicRelayRouterContext (created by Router)
    in Router (created by Application)
    in Provider (created by Application)
    in Application (created by RootI13nApplication)
    in RootI13nApplication
